<?xml version="1.0" encoding="UTF-8"?>
<!-- Generated by org.testng.reporters.JUnitXMLReporter -->
<testsuite ignored="2" hostname="DESKTOP-81IORNB" failures="0" tests="1" name="Default test" time="465.794" errors="0" timestamp="2024-06-07T15:14:08 IST">
  <testcase classname="orgtest.CreateOrganisationTest" name="CreateOrganisation" time="319.712"/>
  <testcase classname="orgtest.CreateOrganisationTest" name="CreateOrganisationWithPhone" time="0.0">
    <ignored/>
  </testcase> <!-- CreateOrganisationWithPhone -->
  <testcase classname="orgtest.CreateOrganisationTest" name="CreateOrganisationWithIndustry" time="0.0">
    <ignored/>
  </testcase> <!-- CreateOrganisationWithIndustry -->
</testsuite> <!-- Default test -->
