<?xml version="1.0" encoding="UTF-8"?>
<!-- Generated by org.testng.reporters.JUnitXMLReporter -->
<testsuite ignored="2" hostname="DESKTOP-81IORNB" failures="0" tests="1" name="Default test" time="146.082" errors="0" timestamp="2024-06-17T11:12:30 IST">
  <testcase classname="com.comcast.crm.orgtest.CreateOrganisationTest" name="CreateOrganisationWithPhone" time="98.586"/>
  <testcase classname="com.comcast.crm.orgtest.CreateOrganisationTest" name="CreateOrganisation" time="0.0">
    <ignored/>
  </testcase> <!-- CreateOrganisation -->
  <testcase classname="com.comcast.crm.orgtest.CreateOrganisationTest" name="CreateOrganisationWithIndustry" time="0.0">
    <ignored/>
  </testcase> <!-- CreateOrganisationWithIndustry -->
</testsuite> <!-- Default test -->
