<?xml version="1.0" encoding="UTF-8"?>
<testng-results ignored="2" total="3" passed="1" failed="0" skipped="0">
  <reporter-output>
  </reporter-output>
  <suite started-at="2024-06-17T11:10:04 IST" name="Default suite" finished-at="2024-06-17T11:12:30 IST" duration-ms="146082">
    <groups>
      <group name="regressionTest">
        <method signature="CreateOrganisationTest.CreateOrganisationWithPhone()[pri:0, instance:com.comcast.crm.orgtest.CreateOrganisationTest@3012646b]" name="CreateOrganisationWithPhone" class="com.comcast.crm.orgtest.CreateOrganisationTest"/>
      </group> <!-- regressionTest -->
    </groups>
    <test started-at="2024-06-17T11:10:04 IST" name="Default test" finished-at="2024-06-17T11:12:30 IST" duration-ms="146082">
      <class name="com.comcast.crm.orgtest.CreateOrganisationTest">
        <test-method is-config="true" signature="configBS()[pri:0, instance:com.comcast.crm.orgtest.CreateOrganisationTest@3012646b]" started-at="2024-06-17T11:10:01 IST" name="configBS" finished-at="2024-06-17T11:10:04 IST" duration-ms="2577" status="PASS">
          <reporter-output>
          </reporter-output>
        </test-method> <!-- configBS -->
        <test-method is-config="true" signature="configBc()[pri:0, instance:com.comcast.crm.orgtest.CreateOrganisationTest@3012646b]" started-at="2024-06-17T11:10:04 IST" name="configBc" finished-at="2024-06-17T11:10:25 IST" duration-ms="21231" status="PASS">
          <reporter-output>
          </reporter-output>
        </test-method> <!-- configBc -->
        <test-method is-config="true" signature="configBm()[pri:0, instance:com.comcast.crm.orgtest.CreateOrganisationTest@3012646b]" started-at="2024-06-17T11:10:25 IST" name="configBm" finished-at="2024-06-17T11:10:44 IST" duration-ms="18637" status="PASS">
          <reporter-output>
          </reporter-output>
        </test-method> <!-- configBm -->
        <test-method signature="CreateOrganisationWithPhone()[pri:0, instance:com.comcast.crm.orgtest.CreateOrganisationTest@3012646b]" started-at="2024-06-17T11:10:44 IST" name="CreateOrganisationWithPhone" finished-at="2024-06-17T11:12:22 IST" duration-ms="98586" status="PASS">
          <reporter-output>
          </reporter-output>
        </test-method> <!-- CreateOrganisationWithPhone -->
        <test-method is-config="true" signature="configAm()[pri:0, instance:com.comcast.crm.orgtest.CreateOrganisationTest@3012646b]" started-at="2024-06-17T11:12:22 IST" name="configAm" finished-at="2024-06-17T11:12:28 IST" duration-ms="6047" status="PASS">
          <reporter-output>
          </reporter-output>
        </test-method> <!-- configAm -->
        <test-method is-config="true" signature="configAc()[pri:0, instance:com.comcast.crm.orgtest.CreateOrganisationTest@3012646b]" started-at="2024-06-17T11:12:28 IST" name="configAc" finished-at="2024-06-17T11:12:30 IST" duration-ms="1437" status="PASS">
          <reporter-output>
          </reporter-output>
        </test-method> <!-- configAc -->
        <test-method is-config="true" signature="configAs()[pri:0, instance:com.comcast.crm.orgtest.CreateOrganisationTest@3012646b]" started-at="2024-06-17T11:12:30 IST" name="configAs" finished-at="2024-06-17T11:12:30 IST" duration-ms="4" status="PASS">
          <reporter-output>
          </reporter-output>
        </test-method> <!-- configAs -->
      </class> <!-- com.comcast.crm.orgtest.CreateOrganisationTest -->
    </test> <!-- Default test -->
  </suite> <!-- Default suite -->
</testng-results>
