<?xml version="1.0" encoding="UTF-8"?>
<testng-results ignored="2" total="3" passed="1" failed="0" skipped="0">
  <reporter-output>
  </reporter-output>
  <suite started-at="2024-06-07T15:06:22 IST" name="Default suite" finished-at="2024-06-07T15:14:08 IST" duration-ms="465794">
    <groups>
      <group name="smokeTest">
        <method signature="CreateOrganisationTest.CreateOrganisation()[pri:0, instance:orgtest.CreateOrganisationTest@48aca48b]" name="CreateOrganisation" class="orgtest.CreateOrganisationTest"/>
      </group> <!-- smokeTest -->
    </groups>
    <test started-at="2024-06-07T15:06:22 IST" name="Default test" finished-at="2024-06-07T15:14:08 IST" duration-ms="465794">
      <class name="orgtest.CreateOrganisationTest">
        <test-method is-config="true" signature="configBS()[pri:0, instance:orgtest.CreateOrganisationTest@48aca48b]" started-at="2024-06-07T15:06:21 IST" name="configBS" finished-at="2024-06-07T15:06:22 IST" duration-ms="1263" status="PASS">
          <reporter-output>
          </reporter-output>
        </test-method> <!-- configBS -->
        <test-method is-config="true" signature="configBc()[pri:0, instance:orgtest.CreateOrganisationTest@48aca48b]" started-at="2024-06-07T15:06:22 IST" name="configBc" finished-at="2024-06-07T15:07:25 IST" duration-ms="62493" status="PASS">
          <reporter-output>
          </reporter-output>
        </test-method> <!-- configBc -->
        <test-method is-config="true" signature="configBm()[pri:0, instance:orgtest.CreateOrganisationTest@48aca48b]" started-at="2024-06-07T15:07:25 IST" name="configBm" finished-at="2024-06-07T15:08:43 IST" duration-ms="78460" status="PASS">
          <reporter-output>
          </reporter-output>
        </test-method> <!-- configBm -->
        <test-method signature="CreateOrganisation()[pri:0, instance:orgtest.CreateOrganisationTest@48aca48b]" started-at="2024-06-07T15:08:43 IST" name="CreateOrganisation" finished-at="2024-06-07T15:14:03 IST" duration-ms="319712" status="PASS">
          <reporter-output>
          </reporter-output>
        </test-method> <!-- CreateOrganisation -->
        <test-method is-config="true" signature="configAm()[pri:0, instance:orgtest.CreateOrganisationTest@48aca48b]" started-at="2024-06-07T15:14:03 IST" name="configAm" finished-at="2024-06-07T15:14:07 IST" duration-ms="4203" status="PASS">
          <reporter-output>
          </reporter-output>
        </test-method> <!-- configAm -->
        <test-method is-config="true" signature="configAc()[pri:0, instance:orgtest.CreateOrganisationTest@48aca48b]" started-at="2024-06-07T15:14:07 IST" name="configAc" finished-at="2024-06-07T15:14:08 IST" duration-ms="811" status="PASS">
          <reporter-output>
          </reporter-output>
        </test-method> <!-- configAc -->
        <test-method is-config="true" signature="configAs()[pri:0, instance:orgtest.CreateOrganisationTest@48aca48b]" started-at="2024-06-07T15:14:08 IST" name="configAs" finished-at="2024-06-07T15:14:08 IST" duration-ms="2" status="PASS">
          <reporter-output>
          </reporter-output>
        </test-method> <!-- configAs -->
      </class> <!-- orgtest.CreateOrganisationTest -->
    </test> <!-- Default test -->
  </suite> <!-- Default suite -->
</testng-results>
